Server started in port 3000 in 18/8/2017 11:55:6
Server started in port 3000 in 18/8/2017 11:55:13
Data Created in 18/8/2017 11:55:22
Data Created in 18/8/2017 12:1:10
Server started in port 3000 in 18/8/2017 12:1:38
Data Created in 18/8/2017 12:1:47
Server started in port 3000 in 18/8/2017 12:1:50
Data Created in 18/8/2017 12:1:51
Server started in port 3000 in 18/8/2017 12:2:6
Data Created in 18/8/2017 12:2:11
Server started in port 3000 in 18/8/2017 12:2:41
Data Created in 18/8/2017 12:2:42
Server started in port 3000 in 18/8/2017 12:3:46
Data Created in 18/8/2017 12:3:50
Server started in port 3000 in 18/8/2017 12:4:9
Server started in port 3000 in 18/8/2017 12:5:16
Data Created in 18/8/2017 12:5:19
Data Created in 18/8/2017 12:5:22
Data Created in 18/8/2017 12:5:24
Data is finded by id in 18/8/2017 12:6:7
Data is finded by id in 18/8/2017 12:6:11
Data is finded by id in 18/8/2017 12:6:11
Data is finded by id in 18/8/2017 12:6:12
Data is finded by id in 18/8/2017 12:6:12
Data is finded by id in 18/8/2017 12:6:12
Data is finded by id in 18/8/2017 12:6:12
Data is finded by id in 18/8/2017 12:6:13
Data is finded by id in 18/8/2017 12:6:13
Data is finded by id in 18/8/2017 12:6:13
Data is finded by id in 18/8/2017 12:6:13
Server started in port 3000 in 18/8/2017 18:18:1
Server started in port 3000 in 18/8/2017 18:24:20
Server started in port 3000 in 18/8/2017 18:32:3
Server started in port 3000 in 18/8/2017 18:33:6
Server started in port 3000 in 18/8/2017 18:34:14
Server started in port 3000 in 18/8/2017 18:34:50
Server started in port 3000 in 18/8/2017 18:35:44
Server started in port 3000 in 18/8/2017 18:38:26
Server started in port 3000 in 18/8/2017 18:41:6
Server started in port 3000 in 18/8/2017 19:17:43
Data Created in 18/8/2017 19:17:49
Data Created in 18/8/2017 19:18:11
Server started in port 3000 in 18/8/2017 21:7:31
Server started in port 3000 in 18/8/2017 21:8:0
Server started in port 3000 in 18/8/2017 21:8:26
Server started in port 3000 in 18/8/2017 21:8:38
Server started in port 3000 in 18/8/2017 21:8:52
Server started in port 3000 in 18/8/2017 21:10:21
Server started in port 3000 in 18/8/2017 21:11:17
Server started in port 3000 in 18/8/2017 21:11:47
Server started in port 3000 in 18/8/2017 21:12:20
Server started in port 3000 in 18/8/2017 21:15:0
Server started in port 3000 in 18/8/2017 21:15:23
Server started in port 3000 in 18/8/2017 21:16:23
Server started in port 3000 in 18/8/2017 21:17:28
Server started in port 3000 in 18/8/2017 21:20:28
users is Created in 18/8/2017 21:20:32
Server started in port 3000 in 18/8/2017 21:34:34
users is Created in 18/8/2017 21:34:39
users is Created in 18/8/2017 21:34:45
Server started in port 3000 in 18/8/2017 21:35:11
users is Created in 18/8/2017 21:35:17
Server started in port 3000 in 18/8/2017 21:57:39
users is Created in 18/8/2017 21:57:43
Server started in port 3000 in 18/8/2017 22:4:3
Server started in port 3000 in 18/8/2017 22:4:59
Server started in port 3000 in 18/8/2017 22:6:29
Server started in port 3000 in 18/8/2017 22:7:6
Server started in port 3000 in 18/8/2017 22:7:43
Server started in port 3000 in 18/8/2017 22:9:24
Server started in port 3000 in 18/8/2017 22:10:1
Server started in port 3000 in 18/8/2017 22:10:33
Server started in port 3000 in 18/8/2017 22:11:55
Server started in port 3000 in 18/8/2017 22:12:27
Server started in port 3000 in 18/8/2017 22:12:50
Server started in port 3000 in 18/8/2017 22:13:7
Server started in port 3000 in 19/8/2017 10:17:23
Server started in port 3000 in 19/8/2017 10:23:42
Server started in port 3000 in 19/8/2017 10:24:10
Server started in port 3000 in 19/8/2017 10:24:36
Server started in port 3000 in 19/8/2017 10:27:13
Server started in port 3000 in 19/8/2017 10:27:59
Server started in port 3000 in 19/8/2017 10:28:15
Server started in port 3000 in 19/8/2017 10:33:9
Server started in port 3000 in 19/8/2017 10:33:47
Server started in port 3000 in 19/8/2017 10:41:5
Server started in port 3000 in 19/8/2017 10:42:0
Server started in port 3000 in 19/8/2017 10:42:46
user finded by token in 19/8/2017 10:42:48
Server started in port 3000 in 19/8/2017 10:43:51
user finded by token in 19/8/2017 10:43:53
user finded by token in 19/8/2017 10:49:7
Data is finded by id in 19/8/2017 10:51:15
Data is finded by id in 19/8/2017 10:53:13
Data is finded by id in 19/8/2017 10:53:14
Server started in port 3000 in 19/8/2017 10:53:18
Data is finded by id in 19/8/2017 10:53:21
Data Created in 19/8/2017 10:55:1
Server started in port 3000 in 19/8/2017 10:56:19
Data Created in 19/8/2017 10:59:17
Data Created in 19/8/2017 11:2:16
Data Created in 19/8/2017 11:2:17
Data Created in 19/8/2017 11:2:18
Data Created in 19/8/2017 11:2:19
Data Created in 19/8/2017 11:2:19
Data Created in 19/8/2017 11:2:20
Data Created in 19/8/2017 11:2:20
Data Created in 19/8/2017 11:2:20
Data Created in 19/8/2017 11:2:21
Data Created in 19/8/2017 11:2:21
Data Created in 19/8/2017 11:2:21
Server started in port 3000 in 19/8/2017 11:30:51:220
Server started in port 3000 in 19/8/2017 11:31:19:314
Server started in port 3000 in 19/8/2017 11:31:41:347
Server started in port 3000 in 19/8/2017 11:31:43:263
Server started in port 3000 in 19/8/2017 11:31:45:556
Server started in port 3000 in 19/8/2017 11:32:7:957
Data Created in 19/8/2017 11:32:10:420
Data Created in 19/8/2017 11:32:10:647
Data Created in 19/8/2017 11:32:10:807
Data Created in 19/8/2017 11:32:11:55
Data Created in 19/8/2017 11:32:11:254
Data Created in 19/8/2017 11:32:11:498
Data Created in 19/8/2017 11:32:11:690
Data Created in 19/8/2017 11:32:11:941
Server started in port 3000 in 19/8/2017 11:33:1:645
Data Created in 19/8/2017 11:33:32:840
Server started in port 3000 in 19/8/2017 11:35:35:969
Data Created in 19/8/2017 11:35:49:4
Data Created in 19/8/2017 11:35:56:772
Server started in port 3000 in 19/8/2017 11:41:29:917
Data Updated by id in 19/8/2017 11:41:33:497
Data Updated by id in 19/8/2017 11:41:35:126
Data Updated by id in 19/8/2017 11:41:37:198
Data Updated by id in 19/8/2017 11:41:38:432
Server started in port 3000 in 19/8/2017 11:42:23:781
Data Updated by id in 19/8/2017 11:42:26:742
Server started in port 3000 in 19/8/2017 11:43:11:48
Data Updated by id in 19/8/2017 11:43:13:458
Server started in port 3000 in 19/8/2017 11:44:46:6
Data Updated by id in 19/8/2017 11:44:48:859
Data Updated by id in 19/8/2017 11:45:8:323
Data Updated by id in 19/8/2017 11:45:8:536
Data Updated by id in 19/8/2017 11:45:8:835
Data Updated by id in 19/8/2017 11:45:18:99
Data Updated by id in 19/8/2017 11:45:23:250
Data Updated by id in 19/8/2017 11:45:23:652
Data Updated by id in 19/8/2017 11:45:29:250
Data Updated by id in 19/8/2017 11:45:29:477
Data Updated by id in 19/8/2017 11:45:29:777
Data Updated by id in 19/8/2017 11:45:30:30
Data Updated by id in 19/8/2017 11:45:30:261
Data Updated by id in 19/8/2017 11:45:50:321
Data Updated by id in 19/8/2017 11:46:0:320
Data Updated by id in 19/8/2017 11:51:9:286
Server started in port 3000 in 19/8/2017 11:54:2:384
Data Updated by id in 19/8/2017 11:54:5:827
Server started in port 3000 in 19/8/2017 11:54:23:549
Data Updated by id in 19/8/2017 11:54:26:65
Server started in port 3000 in 19/8/2017 11:54:41:81
Data Updated by id in 19/8/2017 11:54:43:595
Data Updated by id in 19/8/2017 11:54:54:747
